<?xml version="1.0" encoding="UTF-8"?>
<!-- Generated by org.testng.reporters.JUnitReportReporter -->
<testsuite hostname="Dev" failures="0" tests="1" name="PankajPackage.Test1" time="0.015" errors="0" timestamp="2024-03-10T13:44:48 IST" skipped="0">
  <testcase classname="PankajPackage.Test1" name="b" time="0.015"/>
  <system-out/>
</testsuite> <!-- PankajPackage.Test1 -->
